<?xml version="1.0" encoding="UTF-8"?>
<!-- Generated by org.testng.reporters.JUnitReportReporter -->
<testsuite hostname="LAPTOP-7RM6SAN7" name="javainterview" tests="2" failures="0" timestamp="6 Jul 2019 06:15:27 GMT" time="0.024" errors="0">
  <testcase name="pattran" time="0.021" classname="javainterview"/>
  <testcase name="pattran1" time="0.003" classname="javainterview"/>
</testsuite> <!-- javainterview -->
