<?xml version="1.0" encoding="UTF-8"?>
<!-- Generated by org.testng.reporters.JUnitReportReporter -->
<testsuite hostname="LAPTOP-7RM6SAN7" name="javainterview" tests="1" failures="0" timestamp="6 Jul 2019 14:39:38 GMT" time="0.018" errors="0">
  <testcase name="pattran2" time="0.018" classname="javainterview"/>
</testsuite> <!-- javainterview -->
