<?xml version="1.0" encoding="UTF-8"?>
<!-- Generated by org.testng.reporters.JUnitReportReporter -->
<testsuite hostname="LAPTOP-7RM6SAN7" name="AutoITFileUpload" tests="1" failures="0" timestamp="6 Jul 2019 09:11:11 GMT" time="0.017" errors="0">
  <testcase name="fileUpload" time="0.017" classname="AutoITFileUpload"/>
</testsuite> <!-- AutoITFileUpload -->
