<?xml version="1.0" encoding="UTF-8"?>
<!-- Generated by org.testng.reporters.JUnitReportReporter -->
<testsuite hostname="LAPTOP-7RM6SAN7" name="second" tests="1" failures="0" timestamp="6 Jul 2019 14:24:28 GMT" time="0.014" errors="0">
  <testcase name="secondTest" time="0.014" classname="second"/>
</testsuite> <!-- second -->
